Compiling the C compiler identification source file "CMakeCCompilerId.c" failed.
Compiler: /usr/bin/eosio-cc 
Build flags: ;-O3;
Id flags: 

The output was:
255
/usr/opt/eosio.cdt/1.6.3/bin/wasm-ld: error: fatal failure: contract with no actions and trying to create dispatcher


Compiling the CXX compiler identification source file "CMakeCXXCompilerId.cpp" failed.
Compiler: /usr/bin/eosio-cpp 
Build flags: ;-O3;
Id flags: 

The output was:
255
/usr/opt/eosio.cdt/1.6.3/bin/wasm-ld: error: fatal failure: contract with no actions and trying to create dispatcher


Detecting C compiler ABI info failed to compile with the following output:
Change Dir: /home/user/contracts/vaccounts-dapp-service/zeus_boxes/contracts/eos/dappservices/CMakeFiles/CMakeTmp

Run Build Command:"/usr/bin/make" "cmTC_d251c/fast"
make[3]: Entering directory '/home/user/contracts/vaccounts-dapp-service/zeus_boxes/contracts/eos/dappservices/CMakeFiles/CMakeTmp'
/usr/bin/make -f CMakeFiles/cmTC_d251c.dir/build.make CMakeFiles/cmTC_d251c.dir/build
make[4]: Entering directory '/home/user/contracts/vaccounts-dapp-service/zeus_boxes/contracts/eos/dappservices/CMakeFiles/CMakeTmp'
Building C object CMakeFiles/cmTC_d251c.dir/CMakeCCompilerABI.c.obj
/usr/bin/eosio-cc     -o CMakeFiles/cmTC_d251c.dir/CMakeCCompilerABI.c.obj   -c /usr/share/cmake-3.5/Modules/CMakeCCompilerABI.c
Linking C executable cmTC_d251c.wasm
/usr/bin/cmake -E cmake_link_script CMakeFiles/cmTC_d251c.dir/link.txt --verbose=1
/usr/bin/eosio-ld  -v CMakeFiles/cmTC_d251c.dir/CMakeCCompilerABI.c.obj -o cmTC_d251c.wasm  
eosio-ld: Unknown command line argument '-v'.  Try: '/usr/bin/eosio-ld -help'
eosio-ld: Did you mean '-L'?
CMakeFiles/cmTC_d251c.dir/build.make:97: recipe for target 'cmTC_d251c.wasm' failed
make[4]: *** [cmTC_d251c.wasm] Error 1
make[4]: Leaving directory '/home/user/contracts/vaccounts-dapp-service/zeus_boxes/contracts/eos/dappservices/CMakeFiles/CMakeTmp'
Makefile:126: recipe for target 'cmTC_d251c/fast' failed
make[3]: *** [cmTC_d251c/fast] Error 2
make[3]: Leaving directory '/home/user/contracts/vaccounts-dapp-service/zeus_boxes/contracts/eos/dappservices/CMakeFiles/CMakeTmp'



Detecting CXX compiler ABI info failed to compile with the following output:
Change Dir: /home/user/contracts/vaccounts-dapp-service/zeus_boxes/contracts/eos/dappservices/CMakeFiles/CMakeTmp

Run Build Command:"/usr/bin/make" "cmTC_b0a21/fast"
make[3]: Entering directory '/home/user/contracts/vaccounts-dapp-service/zeus_boxes/contracts/eos/dappservices/CMakeFiles/CMakeTmp'
/usr/bin/make -f CMakeFiles/cmTC_b0a21.dir/build.make CMakeFiles/cmTC_b0a21.dir/build
make[4]: Entering directory '/home/user/contracts/vaccounts-dapp-service/zeus_boxes/contracts/eos/dappservices/CMakeFiles/CMakeTmp'
Building CXX object CMakeFiles/cmTC_b0a21.dir/CMakeCXXCompilerABI.cpp.obj
/usr/bin/eosio-cpp      -o CMakeFiles/cmTC_b0a21.dir/CMakeCXXCompilerABI.cpp.obj -c /usr/share/cmake-3.5/Modules/CMakeCXXCompilerABI.cpp
Linking CXX executable cmTC_b0a21.wasm
/usr/bin/cmake -E cmake_link_script CMakeFiles/cmTC_b0a21.dir/link.txt --verbose=1
/usr/bin/eosio-ld  -v CMakeFiles/cmTC_b0a21.dir/CMakeCXXCompilerABI.cpp.obj -o cmTC_b0a21.wasm  
eosio-ld: Unknown command line argument '-v'.  Try: '/usr/bin/eosio-ld -help'
eosio-ld: Did you mean '-L'?
CMakeFiles/cmTC_b0a21.dir/build.make:97: recipe for target 'cmTC_b0a21.wasm' failed
make[4]: *** [cmTC_b0a21.wasm] Error 1
make[4]: Leaving directory '/home/user/contracts/vaccounts-dapp-service/zeus_boxes/contracts/eos/dappservices/CMakeFiles/CMakeTmp'
Makefile:126: recipe for target 'cmTC_b0a21/fast' failed
make[3]: *** [cmTC_b0a21/fast] Error 2
make[3]: Leaving directory '/home/user/contracts/vaccounts-dapp-service/zeus_boxes/contracts/eos/dappservices/CMakeFiles/CMakeTmp'



Detecting CXX [-std=c++14] compiler features failed to compile with the following output:
Change Dir: /home/user/contracts/vaccounts-dapp-service/zeus_boxes/contracts/eos/dappservices/CMakeFiles/CMakeTmp

Run Build Command:"/usr/bin/make" "cmTC_9cca4/fast"
make[3]: Entering directory '/home/user/contracts/vaccounts-dapp-service/zeus_boxes/contracts/eos/dappservices/CMakeFiles/CMakeTmp'
/usr/bin/make -f CMakeFiles/cmTC_9cca4.dir/build.make CMakeFiles/cmTC_9cca4.dir/build
make[4]: Entering directory '/home/user/contracts/vaccounts-dapp-service/zeus_boxes/contracts/eos/dappservices/CMakeFiles/CMakeTmp'
Building CXX object CMakeFiles/cmTC_9cca4.dir/feature_tests.cxx.obj
/usr/bin/eosio-cpp     -std=c++14 -o CMakeFiles/cmTC_9cca4.dir/feature_tests.cxx.obj -c /home/user/contracts/vaccounts-dapp-service/zeus_boxes/contracts/eos/dappservices/CMakeFiles/feature_tests.cxx
Linking CXX executable cmTC_9cca4.wasm
/usr/bin/cmake -E cmake_link_script CMakeFiles/cmTC_9cca4.dir/link.txt --verbose=1
/usr/bin/eosio-ld   CMakeFiles/cmTC_9cca4.dir/feature_tests.cxx.obj -o cmTC_9cca4.wasm 
/usr/opt/eosio.cdt/1.6.3/bin/wasm-ld: error: fatal failure: contract with no actions and trying to create dispatcher
CMakeFiles/cmTC_9cca4.dir/build.make:97: recipe for target 'cmTC_9cca4.wasm' failed
make[4]: *** [cmTC_9cca4.wasm] Error 255
make[4]: Leaving directory '/home/user/contracts/vaccounts-dapp-service/zeus_boxes/contracts/eos/dappservices/CMakeFiles/CMakeTmp'
Makefile:126: recipe for target 'cmTC_9cca4/fast' failed
make[3]: *** [cmTC_9cca4/fast] Error 2
make[3]: Leaving directory '/home/user/contracts/vaccounts-dapp-service/zeus_boxes/contracts/eos/dappservices/CMakeFiles/CMakeTmp'



